<?xml version="1.0" encoding="UTF-8"?>
<!-- Generated by org.testng.reporters.JUnitReportReporter -->
<testsuite skipped="0" hostname="DESKTOP-3HB8IKU" name="ConfigurationDemo.TestSeleniumBlog" tests="1" failures="0" timestamp="20 Aug 2019 06:52:18 GMT" time="0.006" errors="0">
  <testcase name="testconfig" time="0.006" classname="ConfigurationDemo.TestSeleniumBlog"/>
</testsuite> <!-- ConfigurationDemo.TestSeleniumBlog -->
